<?xml version="1.0" encoding="UTF-8"?>
<!-- Generated by org.testng.reporters.JUnitReportReporter -->
<testsuite hostname="DESKTOP-28VPC6Q" failures="0" tests="2" name="ContactTest.CreateOrganizationTest" time="98.002" errors="1" timestamp="2022-01-19T10:20:32 IST" skipped="1">
  <testcase classname="ContactTest.CreateOrganizationTest" name="createOrg" time="0.000">
    <skipped/>
  </testcase> <!-- createOrg -->
  <system-out/>
  <testcase classname="ContactTest.CreateOrganizationTest" name="configBc" time="98.002">
    <error message="chrome not reachable
Build info: version: &#039;3.141.59&#039;, revision: &#039;e82be7d358&#039;, time: &#039;2018-11-14T08:17:03&#039;
System info: host: &#039;DESKTOP-28VPC6Q&#039;, ip: &#039;192.168.29.200&#039;, os.name: &#039;Windows 10&#039;, os.arch: &#039;amd64&#039;, os.version: &#039;10.0&#039;, java.version: &#039;14.0.2&#039;
Driver info: driver.version: ChromeDriver
remote stacktrace: Backtrace:
	Ordinal0 [0x009CFDC3+2555331]
	Ordinal0 [0x009677F1+2127857]
	Ordinal0 [0x00862CD0+1060048]
	Ordinal0 [0x00857AFE+1014526]
	Ordinal0 [0x0088138E+1184654]
	Ordinal0 [0x0087D825+1169445]
	Ordinal0 [0x0087AFC1+1159105]
	Ordinal0 [0x008AC22F+1360431]
	Ordinal0 [0x008ABE9A+1359514]
	Ordinal0 [0x008A7976+1341814]
	Ordinal0 [0x008836B6+1193654]
	Ordinal0 [0x00884546+1197382]
	GetHandleVerifier [0x00B69622+1619522]
	GetHandleVerifier [0x00C1882C+2336844]
	GetHandleVerifier [0x00A623E1+541697]
	GetHandleVerifier [0x00A61443+537699]
	Ordinal0 [0x0096D18E+2150798]
	Ordinal0 [0x00971518+2168088]
	Ordinal0 [0x00971660+2168416]
	Ordinal0 [0x0097B330+2208560]
	BaseThreadInitThunk [0x753FFA29+25]
	RtlGetAppContainerNamedObjectPath [0x77217C7E+286]
	RtlGetAppContainerNamedObjectPath [0x77217C4E+238]
" type="org.openqa.selenium.WebDriverException">
      <![CDATA[org.openqa.selenium.WebDriverException: chrome not reachable
Build info: version: '3.141.59', revision: 'e82be7d358', time: '2018-11-14T08:17:03'
System info: host: 'DESKTOP-28VPC6Q', ip: '192.168.29.200', os.name: 'Windows 10', os.arch: 'amd64', os.version: '10.0', java.version: '14.0.2'
Driver info: driver.version: ChromeDriver
remote stacktrace: Backtrace:
Ordinal0 [0x009CFDC3+2555331]
Ordinal0 [0x009677F1+2127857]
Ordinal0 [0x00862CD0+1060048]
Ordinal0 [0x00857AFE+1014526]
Ordinal0 [0x0088138E+1184654]
Ordinal0 [0x0087D825+1169445]
Ordinal0 [0x0087AFC1+1159105]
Ordinal0 [0x008AC22F+1360431]
Ordinal0 [0x008ABE9A+1359514]
Ordinal0 [0x008A7976+1341814]
Ordinal0 [0x008836B6+1193654]
Ordinal0 [0x00884546+1197382]
GetHandleVerifier [0x00B69622+1619522]
GetHandleVerifier [0x00C1882C+2336844]
GetHandleVerifier [0x00A623E1+541697]
GetHandleVerifier [0x00A61443+537699]
Ordinal0 [0x0096D18E+2150798]
Ordinal0 [0x00971518+2168088]
Ordinal0 [0x00971660+2168416]
Ordinal0 [0x0097B330+2208560]
BaseThreadInitThunk [0x753FFA29+25]
RtlGetAppContainerNamedObjectPath [0x77217C7E+286]
RtlGetAppContainerNamedObjectPath [0x77217C4E+238]

at java.base/jdk.internal.reflect.NativeConstructorAccessorImpl.newInstance0(Native Method)
at java.base/jdk.internal.reflect.NativeConstructorAccessorImpl.newInstance(NativeConstructorAccessorImpl.java:62)
at java.base/jdk.internal.reflect.DelegatingConstructorAccessorImpl.newInstance(DelegatingConstructorAccessorImpl.java:45)
at java.base/java.lang.reflect.Constructor.newInstanceWithCaller(Constructor.java:500)
at java.base/java.lang.reflect.Constructor.newInstance(Constructor.java:481)
at org.openqa.selenium.remote.W3CHandshakeResponse.lambda$errorHandler$0(W3CHandshakeResponse.java:62)
at org.openqa.selenium.remote.HandshakeResponse.lambda$getResponseFunction$0(HandshakeResponse.java:30)
at org.openqa.selenium.remote.ProtocolHandshake.lambda$createSession$0(ProtocolHandshake.java:126)
at java.base/java.util.stream.ReferencePipeline$3$1.accept(ReferencePipeline.java:195)
at java.base/java.util.Spliterators$ArraySpliterator.tryAdvance(Spliterators.java:958)
at java.base/java.util.stream.ReferencePipeline.forEachWithCancel(ReferencePipeline.java:127)
at java.base/java.util.stream.AbstractPipeline.copyIntoWithCancel(AbstractPipeline.java:502)
at java.base/java.util.stream.AbstractPipeline.copyInto(AbstractPipeline.java:488)
at java.base/java.util.stream.AbstractPipeline.wrapAndCopyInto(AbstractPipeline.java:474)
at java.base/java.util.stream.FindOps$FindOp.evaluateSequential(FindOps.java:150)
at java.base/java.util.stream.AbstractPipeline.evaluate(AbstractPipeline.java:234)
at java.base/java.util.stream.ReferencePipeline.findFirst(ReferencePipeline.java:543)
at org.openqa.selenium.remote.ProtocolHandshake.createSession(ProtocolHandshake.java:128)
at org.openqa.selenium.remote.ProtocolHandshake.createSession(ProtocolHandshake.java:74)
at org.openqa.selenium.remote.HttpCommandExecutor.execute(HttpCommandExecutor.java:136)
at org.openqa.selenium.remote.service.DriverCommandExecutor.execute(DriverCommandExecutor.java:83)
at org.openqa.selenium.remote.RemoteWebDriver.execute(RemoteWebDriver.java:552)
at org.openqa.selenium.remote.RemoteWebDriver.startSession(RemoteWebDriver.java:213)
at org.openqa.selenium.remote.RemoteWebDriver.<init>(RemoteWebDriver.java:131)
at org.openqa.selenium.chrome.ChromeDriver.<init>(ChromeDriver.java:181)
at org.openqa.selenium.chrome.ChromeDriver.<init>(ChromeDriver.java:168)
at org.openqa.selenium.chrome.ChromeDriver.<init>(ChromeDriver.java:123)
at com.crm.comcast.GenericUtility.BaseClass.configBc(BaseClass.java:43)
at java.base/jdk.internal.reflect.NativeMethodAccessorImpl.invoke0(Native Method)
at java.base/jdk.internal.reflect.NativeMethodAccessorImpl.invoke(NativeMethodAccessorImpl.java:62)
at java.base/jdk.internal.reflect.DelegatingMethodAccessorImpl.invoke(DelegatingMethodAccessorImpl.java:43)
at java.base/java.lang.reflect.Method.invoke(Method.java:564)
at org.testng.internal.MethodInvocationHelper.invokeMethod(MethodInvocationHelper.java:132)
at org.testng.internal.MethodInvocationHelper.invokeMethodConsideringTimeout(MethodInvocationHelper.java:61)
at org.testng.internal.ConfigInvoker.invokeConfigurationMethod(ConfigInvoker.java:366)
at org.testng.internal.ConfigInvoker.invokeConfigurations(ConfigInvoker.java:320)
at org.testng.internal.TestMethodWorker.invokeBeforeClassMethods(TestMethodWorker.java:176)
at org.testng.internal.TestMethodWorker.run(TestMethodWorker.java:122)
at java.base/java.util.ArrayList.forEach(ArrayList.java:1511)
at org.testng.TestRunner.privateRun(TestRunner.java:764)
at org.testng.TestRunner.run(TestRunner.java:585)
at org.testng.SuiteRunner.runTest(SuiteRunner.java:384)
at org.testng.SuiteRunner.runSequentially(SuiteRunner.java:378)
at org.testng.SuiteRunner.privateRun(SuiteRunner.java:337)
at org.testng.SuiteRunner.run(SuiteRunner.java:286)
at org.testng.SuiteRunnerWorker.runSuite(SuiteRunnerWorker.java:53)
at org.testng.SuiteRunnerWorker.run(SuiteRunnerWorker.java:96)
at org.testng.TestNG.runSuitesSequentially(TestNG.java:1218)
at org.testng.TestNG.runSuitesLocally(TestNG.java:1140)
at org.testng.TestNG.runSuites(TestNG.java:1069)
at org.testng.TestNG.run(TestNG.java:1037)
at org.testng.remote.AbstractRemoteTestNG.run(AbstractRemoteTestNG.java:115)
at org.testng.remote.RemoteTestNG.initAndRun(RemoteTestNG.java:251)
at org.testng.remote.RemoteTestNG.main(RemoteTestNG.java:77)
]]>
    </error>
  </testcase> <!-- configBc -->
  <system-out/>
</testsuite> <!-- ContactTest.CreateOrganizationTest -->
